<?xml version="1.0" encoding="UTF-8"?>
<testng-results ignored="0" total="2" passed="2" failed="0" skipped="0">
  <reporter-output>
  </reporter-output>
  <suite started-at="2022-01-23T21:58:17 IST" name="Default suite" finished-at="2022-01-23T21:58:26 IST" duration-ms="9566">
    <groups>
    </groups>
    <test started-at="2022-01-23T21:58:17 IST" name="Default test" finished-at="2022-01-23T21:58:26 IST" duration-ms="9566">
      <class name="TestNGpac.TestNGNTest">
        <test-method is-config="true" signature="beforeMethod()[pri:0, instance:TestNGpac.TestNGNTest@be35cd9]" started-at="2022-01-23T21:58:17 IST" name="beforeMethod" finished-at="2022-01-23T21:58:17 IST" duration-ms="6" status="PASS">
          <reporter-output>
          </reporter-output>
        </test-method> <!-- beforeMethod -->
        <test-method signature="launch()[pri:0, instance:TestNGpac.TestNGNTest@be35cd9]" started-at="2022-01-23T21:58:17 IST" name="launch" finished-at="2022-01-23T21:58:26 IST" duration-ms="9475" status="PASS">
          <reporter-output>
          </reporter-output>
        </test-method> <!-- launch -->
        <test-method is-config="true" signature="afterMethod()[pri:0, instance:TestNGpac.TestNGNTest@be35cd9]" started-at="2022-01-23T21:58:26 IST" name="afterMethod" finished-at="2022-01-23T21:58:26 IST" duration-ms="2" status="PASS">
          <reporter-output>
          </reporter-output>
        </test-method> <!-- afterMethod -->
        <test-method is-config="true" signature="beforeMethod()[pri:0, instance:TestNGpac.TestNGNTest@be35cd9]" started-at="2022-01-23T21:58:26 IST" name="beforeMethod" finished-at="2022-01-23T21:58:26 IST" duration-ms="1" status="PASS">
          <reporter-output>
          </reporter-output>
        </test-method> <!-- beforeMethod -->
        <test-method signature="validatetitle()[pri:1, instance:TestNGpac.TestNGNTest@be35cd9]" started-at="2022-01-23T21:58:26 IST" name="validatetitle" finished-at="2022-01-23T21:58:26 IST" duration-ms="12" status="PASS">
          <reporter-output>
          </reporter-output>
        </test-method> <!-- validatetitle -->
        <test-method is-config="true" signature="afterMethod()[pri:0, instance:TestNGpac.TestNGNTest@be35cd9]" started-at="2022-01-23T21:58:26 IST" name="afterMethod" finished-at="2022-01-23T21:58:26 IST" duration-ms="0" status="PASS">
          <reporter-output>
          </reporter-output>
        </test-method> <!-- afterMethod -->
      </class> <!-- TestNGpac.TestNGNTest -->
    </test> <!-- Default test -->
  </suite> <!-- Default suite -->
</testng-results>
